<?xml version="1.0" encoding="UTF-8"?>
<!-- Generated by org.testng.reporters.JUnitReportReporter -->
<testsuite hostname="TR00491W" failures="0" tests="1" name="runner.Run" time="227.931" errors="1" timestamp="2022-02-11T15:58:18 TRT" skipped="0">
  <testcase classname="runner.Run" name="parallelRun" time="227.931">
    <error message="There were failing tests. Refer to the Courgette html report for more details." type="courgette.runtime.CourgetteTestFailureException">
      <![CDATA[courgette.runtime.CourgetteTestFailureException: There were failing tests. Refer to the Courgette html report for more details.
]]>
    </error>
  </testcase> <!-- parallelRun -->
  <system-out/>
</testsuite> <!-- runner.Run -->
